\BOOKMARK [1][]{section.3}{1 Introduction}{}% 1
\BOOKMARK [1][]{section.4}{2 Planning}{}% 2
\BOOKMARK [1][]{section.5}{3 Realization}{}% 3
\BOOKMARK [2][]{subsection.6}{3.1 MVC-paradigm}{section.5}% 4
\BOOKMARK [2][]{subsection.11}{3.2 Database }{section.5}% 5
\BOOKMARK [3][]{subsubsection.12}{3.2.1 Create}{subsection.11}% 6
\BOOKMARK [3][]{subsubsection.13}{3.2.2 Database tables}{subsection.11}% 7
\BOOKMARK [3][]{subsubsection.19}{3.2.3 SQL-Query}{subsection.11}% 8
\BOOKMARK [2][]{subsection.79}{3.3 resources }{section.5}% 9
\BOOKMARK [3][]{subsubsection.80}{3.3.1 /register}{subsection.79}% 10
\BOOKMARK [3][]{subsubsection.81}{3.3.2 /login}{subsection.79}% 11
\BOOKMARK [3][]{subsubsection.82}{3.3.3 /logout}{subsection.79}% 12
\BOOKMARK [3][]{subsubsection.83}{3.3.4 /profile}{subsection.79}% 13
\BOOKMARK [3][]{subsubsection.84}{3.3.5 /user/\173\044id\175}{subsection.79}% 14
\BOOKMARK [3][]{subsubsection.85}{3.3.6 /user/\173\044id\175/galleries/\173\044id\175}{subsection.79}% 15
\BOOKMARK [3][]{subsubsection.86}{3.3.7 /search}{subsection.79}% 16
\BOOKMARK [3][]{subsubsection.87}{3.3.8 /install}{subsection.79}% 17
\BOOKMARK [2][]{subsection.88}{3.4 Code}{section.5}% 18
\BOOKMARK [3][]{subsubsection.89}{3.4.1 Controllers}{subsection.88}% 19
\BOOKMARK [3][]{subsubsection.90}{3.4.2 Form-Validation}{subsection.88}% 20
\BOOKMARK [3][]{subsubsection.91}{3.4.3 CSS-Framework Bootstrap}{subsection.88}% 21
\BOOKMARK [3][]{subsubsection.92}{3.4.4 Functions}{subsection.88}% 22
\BOOKMARK [3][]{subsubsection.93}{3.4.5 Javascript}{subsection.88}% 23
